<?xml version="1.0" encoding="UTF-8"?>
<!-- Generated by org.testng.reporters.JUnitReportReporter -->
<testsuite skipped="0" hostname="Deebz-PC" name="com.test.scripts.regression.DataProviderUsingExcel" tests="4" failures="0" timestamp="2022-07-04T14:52:47 BST" time="70.450" errors="0">
  <testcase name="logInValid" time="19.861" classname="com.test.scripts.regression.DataProviderUsingExcel"/>
  <system-out/>
  <testcase name="logInValid" time="15.893" classname="com.test.scripts.regression.DataProviderUsingExcel"/>
  <system-out/>
  <testcase name="logInValid" time="17.412" classname="com.test.scripts.regression.DataProviderUsingExcel"/>
  <system-out/>
  <testcase name="logInValid" time="17.284" classname="com.test.scripts.regression.DataProviderUsingExcel"/>
  <system-out/>
</testsuite> <!-- com.test.scripts.regression.DataProviderUsingExcel -->
