<?xml version="1.0" encoding="UTF-8"?>
<!-- Generated by org.testng.reporters.JUnitReportReporter -->
<testsuite skipped="0" hostname="Deebz-PC" name="com.test.scripts.regression.DataProviderUsingDataProviderNotRecommendedway" tests="4" failures="0" timestamp="2022-07-04T13:52:28 BST" time="71.379" errors="0">
  <testcase name="logInValid" time="21.575" classname="com.test.scripts.regression.DataProviderUsingDataProviderNotRecommendedway"/>
  <system-out/>
  <testcase name="logInValid" time="16.123" classname="com.test.scripts.regression.DataProviderUsingDataProviderNotRecommendedway"/>
  <system-out/>
  <testcase name="logInValid" time="16.280" classname="com.test.scripts.regression.DataProviderUsingDataProviderNotRecommendedway"/>
  <system-out/>
  <testcase name="logInValid" time="17.401" classname="com.test.scripts.regression.DataProviderUsingDataProviderNotRecommendedway"/>
  <system-out/>
</testsuite> <!-- com.test.scripts.regression.DataProviderUsingDataProviderNotRecommendedway -->
