<?xml version="1.0" encoding="UTF-8"?>
<!-- Generated by org.testng.reporters.JUnitReportReporter -->
<testsuite skipped="0" hostname="Deebz-PC" name="com.test.scripts.regression.ValidateLoginPOM2UsingDataProviderExcelRecommended" tests="4" failures="0" timestamp="2022-07-13T16:27:29 BST" time="29.663" errors="0">
  <testcase name="loginTest" time="6.449" classname="com.test.scripts.regression.ValidateLoginPOM2UsingDataProviderExcelRecommended"/>
  <testcase name="loginTest" time="6.496" classname="com.test.scripts.regression.ValidateLoginPOM2UsingDataProviderExcelRecommended"/>
  <testcase name="loginTest" time="6.701" classname="com.test.scripts.regression.ValidateLoginPOM2UsingDataProviderExcelRecommended"/>
  <testcase name="loginTest" time="10.017" classname="com.test.scripts.regression.ValidateLoginPOM2UsingDataProviderExcelRecommended"/>
</testsuite> <!-- com.test.scripts.regression.ValidateLoginPOM2UsingDataProviderExcelRecommended -->
