<?xml version="1.0" encoding="UTF-8"?>
<!-- Generated by org.testng.reporters.JUnitReportReporter -->
<testsuite skipped="0" hostname="Deebz-PC" name="com.test.scripts.regression.ValidateLoginPOM1" tests="1" failures="0" timestamp="2022-07-12T16:16:21 BST" time="8.944" errors="0">
  <testcase name="loginTest" time="8.944" classname="com.test.scripts.regression.ValidateLoginPOM1"/>
</testsuite> <!-- com.test.scripts.regression.ValidateLoginPOM1 -->
