<?xml version="1.0" encoding="UTF-8"?>
<!-- Generated by org.testng.reporters.JUnitReportReporter -->
<testsuite skipped="0" hostname="Deebz-PC" name="com.test.scripts.regression.ValidateLoginKeyWords" tests="1" failures="0" timestamp="2022-07-06T16:11:39 BST" time="14.509" errors="0">
  <testcase name="validateLoginTest" time="14.509" classname="com.test.scripts.regression.ValidateLoginKeyWords"/>
  <system-out/>
</testsuite> <!-- com.test.scripts.regression.ValidateLoginKeyWords -->
