<?xml version="1.0" encoding="UTF-8"?>
<!-- Generated by org.testng.reporters.JUnitReportReporter -->
<testsuite skipped="0" hostname="Deebz-PC" name="com.test.scripts.regression.ValidateLoginUsingExcel" tests="1" failures="0" timestamp="2022-07-04T13:09:42 BST" time="19.395" errors="0">
  <testcase name="logInValid" time="19.395" classname="com.test.scripts.regression.ValidateLoginUsingExcel"/>
  <system-out/>
</testsuite> <!-- com.test.scripts.regression.ValidateLoginUsingExcel -->
