<?xml version="1.0" encoding="UTF-8"?>
<!-- Generated by org.testng.reporters.JUnitReportReporter -->
<testsuite skipped="0" hostname="Deebz-PC" name="com.test.scripts.regression.DataProviderUsingExcelBestWay" tests="1" failures="0" timestamp="2022-07-04T15:53:10 BST" time="0.908" errors="1">
  <testcase name="logInValid" time="0.908" classname="com.test.scripts.regression.DataProviderUsingExcelBestWay">
    <error type="org.testng.internal.reflect.MethodMatcherException" message="
[public void com.test.scripts.regression.DataProviderUsingExcelBestWay.logInValid(org.apache.poi.ss.usermodel.Row) throws java.io.IOException] has no parameters defined but was found to be using a data provider (either explicitly specified or inherited from class level annotation).
Data provider mismatch
Method: logInValid([Parameter{index=0, type=org.apache.poi.ss.usermodel.Row, declaredAnnotations=[]}])
Arguments: [(java.lang.String) mgul123,(java.lang.String) mg12223,(java.lang.String) mg12223,(java.lang.String) muhammad gul,(java.lang.String) mg1@gmail.com,(java.lang.String) abc334]">
      <![CDATA[org.testng.internal.reflect.MethodMatcherException: 
[public void com.test.scripts.regression.DataProviderUsingExcelBestWay.logInValid(org.apache.poi.ss.usermodel.Row) throws java.io.IOException] has no parameters defined but was found to be using a data provider (either explicitly specified or inherited from class level annotation).
Data provider mismatch
Method: logInValid([Parameter{index=0, type=org.apache.poi.ss.usermodel.Row, declaredAnnotations=[]}])
Arguments: [(java.lang.String) mgul123,(java.lang.String) mg12223,(java.lang.String) mg12223,(java.lang.String) muhammad gul,(java.lang.String) mg1@gmail.com,(java.lang.String) abc334]
at org.testng.internal.reflect.DataProviderMethodMatcher.getConformingArguments(DataProviderMethodMatcher.java:43)
at org.testng.internal.Parameters.injectParameters(Parameters.java:914)
at org.testng.internal.MethodRunner.runInSequence(MethodRunner.java:34)
at org.testng.internal.TestInvoker$MethodInvocationAgent.invoke(TestInvoker.java:824)
at org.testng.internal.TestInvoker.invokeTestMethods(TestInvoker.java:146)
at org.testng.internal.TestMethodWorker.invokeTestMethods(TestMethodWorker.java:146)
at org.testng.internal.TestMethodWorker.run(TestMethodWorker.java:128)
at java.util.ArrayList.forEach(Unknown Source)
at org.testng.TestRunner.privateRun(TestRunner.java:794)
at org.testng.TestRunner.run(TestRunner.java:596)
at org.testng.SuiteRunner.runTest(SuiteRunner.java:377)
at org.testng.SuiteRunner.runSequentially(SuiteRunner.java:371)
at org.testng.SuiteRunner.privateRun(SuiteRunner.java:332)
at org.testng.SuiteRunner.run(SuiteRunner.java:276)
at org.testng.SuiteRunnerWorker.runSuite(SuiteRunnerWorker.java:53)
at org.testng.SuiteRunnerWorker.run(SuiteRunnerWorker.java:96)
at org.testng.TestNG.runSuitesSequentially(TestNG.java:1212)
at org.testng.TestNG.runSuitesLocally(TestNG.java:1134)
at org.testng.TestNG.runSuites(TestNG.java:1063)
at org.testng.TestNG.run(TestNG.java:1031)
at org.testng.remote.AbstractRemoteTestNG.run(AbstractRemoteTestNG.java:115)
at org.testng.remote.RemoteTestNG.initAndRun(RemoteTestNG.java:251)
at org.testng.remote.RemoteTestNG.main(RemoteTestNG.java:77)
]]>
    </error>
  </testcase> <!-- logInValid -->
  <system-out/>
</testsuite> <!-- com.test.scripts.regression.DataProviderUsingExcelBestWay -->
