<?xml version="1.0" encoding="UTF-8"?>
<!-- Generated by org.testng.reporters.JUnitReportReporter -->
<testsuite skipped="0" hostname="Deebz-PC" name="com.test.scripts.regression.ValidateLogin" tests="1" failures="0" timestamp="2022-07-02T16:21:50 BST" time="6.822" errors="0">
  <testcase name="loginTest" time="6.822" classname="com.test.scripts.regression.ValidateLogin"/>
  <system-out/>
</testsuite> <!-- com.test.scripts.regression.ValidateLogin -->
