<?xml version="1.0" encoding="UTF-8"?>
<!-- Generated by org.testng.reporters.JUnitReportReporter -->
<testsuite skipped="0" hostname="Deebz-PC" name="com.test.scripts.regression.ValidateLoginHardCodedNotRecommended" tests="1" failures="0" timestamp="2022-07-02T22:31:31 BST" time="13.178" errors="0">
  <testcase name="validLoginTest" time="13.178" classname="com.test.scripts.regression.ValidateLoginHardCodedNotRecommended"/>
  <system-out/>
</testsuite> <!-- com.test.scripts.regression.ValidateLoginHardCodedNotRecommended -->
